<?xml version="1.0" encoding="UTF-8"?>
<testsuite xmlns:xsi="http://www.w3.org/2001/XMLSchema-instance" xsi:noNamespaceSchemaLocation="https://maven.apache.org/surefire/maven-surefire-plugin/xsd/surefire-test-report-3.0.xsd" version="3.0" name="com.co.choucair.ApiTest.TestRunner" time="5.59" tests="5" errors="0" skipped="0" failures="5">
  <properties>
[...]
</properties>
  <testcase name="[1:9] Obtener lista de posts (GET)" classname="com/co/choucair/ApiTest/api-test-karate" time="2.193">
    <failure message="status code was: 401, expected: 200, response time in milliseconds: 865, url: https://reqres.in/api/posts, response: &#10;{&quot;error&quot;:&quot;missing_api_key&quot;,&quot;message&quot;:&quot;The x-api-key header is required for this endpoint.&quot;,&quot;hint&quot;:&quot;Send x-api-key for admin calls (/api/*) or Authorization: Bearer &lt;token&gt; for app-user calls (/app/*).&quot;,&quot;next_steps&quot;:[&quot;Go to app.reqres.in/api-keys to get your key&quot;,&quot;Add header: x-api-key: &lt;your_key&gt;&quot;,&quot;For app user endpoints, use Authorization: Bearer &lt;session_token&gt; instead&quot;],&quot;docs_url&quot;:&quot;https://app.reqres.in/docs#authentication&quot;,&quot;example_curl&quot;:&quot;curl -H \&quot;x-api-key: YOUR_API_KEY\&quot; https://api.reqres.in/api/collections&quot;,&quot;_meta&quot;:{&quot;powered_by&quot;:&quot;ReqRes&quot;,&quot;docs_url&quot;:&quot;https://app.reqres.in/documentation&quot;,&quot;upgrade_url&quot;:&quot;https://app.reqres.in/upgrade&quot;,&quot;example_url&quot;:&quot;https://app.reqres.in/examples/notes-app&quot;,&quot;variant&quot;:&quot;v1_b&quot;,&quot;message&quot;:&quot;Missing/invalid key. Grab a free key to keep responses consistent.&quot;,&quot;cta&quot;:{&quot;label&quot;:&quot;Get started&quot;,&quot;url&quot;:&quot;https://app.reqres.in/api-keys&quot;},&quot;context&quot;:&quot;invalid_key&quot;}}&#10;classpath:com/co/choucair/ApiTest/api-test-karate.feature:12" type="org.opentest4j.AssertionFailedError"><![CDATA[org.opentest4j.AssertionFailedError: 
status code was: 401, expected: 200, response time in milliseconds: 865, url: https://reqres.in/api/posts, response: 
{"error":"missing_api_key","message":"The x-api-key header is required for this endpoint.","hint":"Send x-api-key for admin calls (/api/*) or Authorization: Bearer <token> for app-user calls (/app/*).","next_steps":["Go to app.reqres.in/api-keys to get your key","Add header: x-api-key: <your_key>","For app user endpoints, use Authorization: Bearer <session_token> instead"],"docs_url":"https://app.reqres.in/docs#authentication","example_curl":"curl -H \"x-api-key: YOUR_API_KEY\" https://api.reqres.in/api/collections","_meta":{"powered_by":"ReqRes","docs_url":"https://app.reqres.in/documentation","upgrade_url":"https://app.reqres.in/upgrade","example_url":"https://app.reqres.in/examples/notes-app","variant":"v1_b","message":"Missing/invalid key. Grab a free key to keep responses consistent.","cta":{"label":"Get started","url":"https://app.reqres.in/api-keys"},"context":"invalid_key"}}
classpath:com/co/choucair/ApiTest/api-test-karate.feature:12
	at com.intuit.karate.junit5.FeatureNode.lambda$next$1(FeatureNode.java:86)
	at java.base/java.util.stream.ForEachOps$ForEachOp$OfRef.accept(ForEachOps.java:184)
	at java.base/java.util.stream.ReferencePipeline$3$1.accept(ReferencePipeline.java:197)
	at java.base/java.util.stream.ReferencePipeline$2$1.accept(ReferencePipeline.java:179)
	at java.base/java.util.stream.ReferencePipeline$3$1.accept(ReferencePipeline.java:197)
	at java.base/java.util.Iterator.forEachRemaining(Iterator.java:133)
	at java.base/java.util.Spliterators$IteratorSpliterator.forEachRemaining(Spliterators.java:1939)
	at java.base/java.util.stream.AbstractPipeline.copyInto(AbstractPipeline.java:509)
	at java.base/java.util.stream.AbstractPipeline.wrapAndCopyInto(AbstractPipeline.java:499)
	at java.base/java.util.stream.ForEachOps$ForEachOp.evaluateSequential(ForEachOps.java:151)
	at java.base/java.util.stream.ForEachOps$ForEachOp$OfRef.evaluateSequential(ForEachOps.java:174)
	at java.base/java.util.stream.AbstractPipeline.evaluate(AbstractPipeline.java:234)
	at java.base/java.util.stream.ReferencePipeline.forEachOrdered(ReferencePipeline.java:601)
	at java.base/java.util.Optional.ifPresent(Optional.java:178)
	at java.base/java.util.ArrayList.forEach(ArrayList.java:1596)
	at java.base/java.util.ArrayList.forEach(ArrayList.java:1596)
]]></failure>
    <system-out><![CDATA[10:05:33.234 [main] DEBUG com.intuit.karate.Suite - [config] classpath:karate-config.js
10:05:34.254 [main] INFO  com.intuit.karate - karate.env system property was: null 
10:05:34.560 [main] DEBUG com.intuit.karate - request:
1 > GET https://reqres.in/api/posts
1 > Host: reqres.in
1 > Connection: Keep-Alive
1 > User-Agent: Apache-HttpClient/4.5.14 (Java/21.0.11)
1 > Accept-Encoding: gzip,deflate


10:05:35.432 [main] DEBUG com.intuit.karate - response time in milliseconds: 865
1 < 401
1 < Date: Thu, 28 May 2026 15:05:35 GMT
1 < Content-Type: application/json; charset=utf-8
1 < Content-Length: 895
1 < Connection: keep-alive
1 < Access-Control-Allow-Origin: *
1 < Cache-Control: no-store
1 < Cross-Origin-Opener-Policy: same-origin
1 < Cross-Origin-Resource-Policy: same-origin
1 < Etag: W/"37f-NsZXA5wLvj0UkmsYJbtRNgFYDoo"
1 < Nel: {"report_to":"heroku-nel","response_headers":["Via"],"max_age":3600,"success_fraction":0.01,"failure_fraction":0.1}
1 < Origin-Agent-Cluster: ?1
1 < Referrer-Policy: strict-origin-when-cross-origin
1 < Report-To: {"group":"heroku-nel","endpoints":[{"url":"https://nel.heroku.com/reports?s=r9OPqHm5vGFLpcY2PvpQykxPtHvra7OA9RRv3jgP8yg%3D\u0026sid=c4c9725f-1ab0-44d8-820f-430df2718e11\u0026ts=1779980734"}],"max_age":3600}
1 < Reporting-Endpoints: heroku-nel="https://nel.heroku.com/reports?s=r9OPqHm5vGFLpcY2PvpQykxPtHvra7OA9RRv3jgP8yg%3D&sid=c4c9725f-1ab0-44d8-820f-430df2718e11&ts=1779980734"
1 < Server: cloudflare
1 < Strict-Transport-Security: max-age=31536000; includeSubDomains
1 < Via: 1.1 heroku-router
1 < X-Content-Type-Options: nosniff
1 < X-Dns-Prefetch-Control: off
1 < X-Download-Options: noopen
1 < X-Frame-Options: DENY
1 < X-Permitted-Cross-Domain-Policies: none
1 < X-Powered-By: ReqRes.in - Deploy backends in 30 seconds
1 < X-Reqres-Docs: https://reqres.in
1 < X-Reqres-Help: missing_api_key
1 < X-Reqres-Message: This API is powered by ReqRes. Deploy your own backend in 30 seconds!
1 < X-Reqres-Templates: https://app.reqres.in/templates
1 < X-Reqres-Tip: Generate a complete backend from a description - app.reqres.in/dashboard
1 < X-Reqres-Upgrade: https://app.reqres.in/upgrade
1 < X-Request-Id: ee4e5cae-61d4-ff98-809e-7ef7183076fb
1 < X-Robots-Tag: noindex, nofollow
1 < X-Xss-Protection: 0
1 < cf-cache-status: BYPASS
1 < CF-RAY: a02e288828524736-BOG
{"error":"missing_api_key","message":"The x-api-key header is required for this endpoint.","hint":"Send x-api-key for admin calls (/api/*) or Authorization: Bearer <token> for app-user calls (/app/*).","next_steps":["Go to app.reqres.in/api-keys to get your key","Add header: x-api-key: <your_key>","For app user endpoints, use Authorization: Bearer <session_token> instead"],"docs_url":"https://app.reqres.in/docs#authentication","example_curl":"curl -H \"x-api-key: YOUR_API_KEY\" https://api.reqres.in/api/collections","_meta":{"powered_by":"ReqRes","docs_url":"https://app.reqres.in/documentation","upgrade_url":"https://app.reqres.in/upgrade","example_url":"https://app.reqres.in/examples/notes-app","variant":"v1_b","message":"Missing/invalid key. Grab a free key to keep responses consistent.","cta":{"label":"Get started","url":"https://app.reqres.in/api-keys"},"context":"invalid_key"}}

10:05:35.444 [main] ERROR com.intuit.karate - classpath:com/co/choucair/ApiTest/api-test-karate.feature:12
Then status 200
status code was: 401, expected: 200, response time in milliseconds: 865, url: https://reqres.in/api/posts, response: 
{"error":"missing_api_key","message":"The x-api-key header is required for this endpoint.","hint":"Send x-api-key for admin calls (/api/*) or Authorization: Bearer <token> for app-user calls (/app/*).","next_steps":["Go to app.reqres.in/api-keys to get your key","Add header: x-api-key: <your_key>","For app user endpoints, use Authorization: Bearer <session_token> instead"],"docs_url":"https://app.reqres.in/docs#authentication","example_curl":"curl -H \"x-api-key: YOUR_API_KEY\" https://api.reqres.in/api/collections","_meta":{"powered_by":"ReqRes","docs_url":"https://app.reqres.in/documentation","upgrade_url":"https://app.reqres.in/upgrade","example_url":"https://app.reqres.in/examples/notes-app","variant":"v1_b","message":"Missing/invalid key. Grab a free key to keep responses consistent.","cta":{"label":"Get started","url":"https://app.reqres.in/api-keys"},"context":"invalid_key"}}
classpath:com/co/choucair/ApiTest/api-test-karate.feature:12
]]></system-out>
  </testcase>
  <testcase name="[2:22] Crear un nuevo post (POST)" classname="com/co/choucair/ApiTest/api-test-karate" time="0.603">
    <failure message="status code was: 401, expected: 201, response time in milliseconds: 536, url: https://reqres.in/api/posts, response: &#10;{&quot;error&quot;:&quot;missing_api_key&quot;,&quot;message&quot;:&quot;The x-api-key header is required for this endpoint.&quot;,&quot;hint&quot;:&quot;Send x-api-key for admin calls (/api/*) or Authorization: Bearer &lt;token&gt; for app-user calls (/app/*).&quot;,&quot;next_steps&quot;:[&quot;Go to app.reqres.in/api-keys to get your key&quot;,&quot;Add header: x-api-key: &lt;your_key&gt;&quot;,&quot;For app user endpoints, use Authorization: Bearer &lt;session_token&gt; instead&quot;],&quot;docs_url&quot;:&quot;https://app.reqres.in/docs#authentication&quot;,&quot;example_curl&quot;:&quot;curl -H \&quot;x-api-key: YOUR_API_KEY\&quot; https://api.reqres.in/api/collections&quot;,&quot;_meta&quot;:{&quot;powered_by&quot;:&quot;ReqRes&quot;,&quot;docs_url&quot;:&quot;https://app.reqres.in/documentation&quot;,&quot;upgrade_url&quot;:&quot;https://app.reqres.in/upgrade&quot;,&quot;example_url&quot;:&quot;https://app.reqres.in/examples/notes-app&quot;,&quot;variant&quot;:&quot;v1_b&quot;,&quot;message&quot;:&quot;Missing/invalid key. Grab a free key to keep responses consistent.&quot;,&quot;cta&quot;:{&quot;label&quot;:&quot;Get started&quot;,&quot;url&quot;:&quot;https://app.reqres.in/api-keys&quot;},&quot;context&quot;:&quot;invalid_key&quot;}}&#10;classpath:com/co/choucair/ApiTest/api-test-karate.feature:26" type="org.opentest4j.AssertionFailedError"><![CDATA[org.opentest4j.AssertionFailedError: 
status code was: 401, expected: 201, response time in milliseconds: 536, url: https://reqres.in/api/posts, response: 
{"error":"missing_api_key","message":"The x-api-key header is required for this endpoint.","hint":"Send x-api-key for admin calls (/api/*) or Authorization: Bearer <token> for app-user calls (/app/*).","next_steps":["Go to app.reqres.in/api-keys to get your key","Add header: x-api-key: <your_key>","For app user endpoints, use Authorization: Bearer <session_token> instead"],"docs_url":"https://app.reqres.in/docs#authentication","example_curl":"curl -H \"x-api-key: YOUR_API_KEY\" https://api.reqres.in/api/collections","_meta":{"powered_by":"ReqRes","docs_url":"https://app.reqres.in/documentation","upgrade_url":"https://app.reqres.in/upgrade","example_url":"https://app.reqres.in/examples/notes-app","variant":"v1_b","message":"Missing/invalid key. Grab a free key to keep responses consistent.","cta":{"label":"Get started","url":"https://app.reqres.in/api-keys"},"context":"invalid_key"}}
classpath:com/co/choucair/ApiTest/api-test-karate.feature:26
	at com.intuit.karate.junit5.FeatureNode.lambda$next$1(FeatureNode.java:86)
	at java.base/java.util.stream.ForEachOps$ForEachOp$OfRef.accept(ForEachOps.java:184)
	at java.base/java.util.stream.ReferencePipeline$3$1.accept(ReferencePipeline.java:197)
	at java.base/java.util.stream.ReferencePipeline$2$1.accept(ReferencePipeline.java:179)
	at java.base/java.util.stream.ReferencePipeline$3$1.accept(ReferencePipeline.java:197)
	at java.base/java.util.Iterator.forEachRemaining(Iterator.java:133)
	at java.base/java.util.Spliterators$IteratorSpliterator.forEachRemaining(Spliterators.java:1939)
	at java.base/java.util.stream.AbstractPipeline.copyInto(AbstractPipeline.java:509)
	at java.base/java.util.stream.AbstractPipeline.wrapAndCopyInto(AbstractPipeline.java:499)
	at java.base/java.util.stream.ForEachOps$ForEachOp.evaluateSequential(ForEachOps.java:151)
	at java.base/java.util.stream.ForEachOps$ForEachOp$OfRef.evaluateSequential(ForEachOps.java:174)
	at java.base/java.util.stream.AbstractPipeline.evaluate(AbstractPipeline.java:234)
	at java.base/java.util.stream.ReferencePipeline.forEachOrdered(ReferencePipeline.java:601)
	at java.base/java.util.Optional.ifPresent(Optional.java:178)
	at java.base/java.util.ArrayList.forEach(ArrayList.java:1596)
	at java.base/java.util.ArrayList.forEach(ArrayList.java:1596)
]]></failure>
    <system-out><![CDATA[10:05:35.471 [main] INFO  com.intuit.karate - karate.env system property was: null 
10:05:35.526 [main] DEBUG com.intuit.karate - request:
1 > POST https://reqres.in/api/posts
1 > Content-Type: application/json; charset=UTF-8
1 > Content-Length: 63
1 > Host: reqres.in
1 > Connection: Keep-Alive
1 > User-Agent: Apache-HttpClient/4.5.14 (Java/21.0.11)
1 > Accept-Encoding: gzip,deflate
{"title":"Karate Test","body":"Automatización API","userId":1}

10:05:36.063 [main] DEBUG com.intuit.karate - response time in milliseconds: 536
1 < 401
1 < Date: Thu, 28 May 2026 15:05:35 GMT
1 < Content-Type: application/json; charset=utf-8
1 < Content-Length: 895
1 < Connection: keep-alive
1 < Access-Control-Allow-Origin: *
1 < Cache-Control: no-store
1 < Cross-Origin-Opener-Policy: same-origin
1 < Cross-Origin-Resource-Policy: same-origin
1 < Etag: W/"37f-NsZXA5wLvj0UkmsYJbtRNgFYDoo"
1 < Nel: {"report_to":"heroku-nel","response_headers":["Via"],"max_age":3600,"success_fraction":0.01,"failure_fraction":0.1}
1 < Origin-Agent-Cluster: ?1
1 < Referrer-Policy: strict-origin-when-cross-origin
1 < Report-To: {"group":"heroku-nel","endpoints":[{"url":"https://nel.heroku.com/reports?s=bSTavOvq2Q1MuQPTKoa3jsztrqOFe2r3lS0IxA9%2F36M%3D\u0026sid=c4c9725f-1ab0-44d8-820f-430df2718e11\u0026ts=1779980735"}],"max_age":3600}
1 < Reporting-Endpoints: heroku-nel="https://nel.heroku.com/reports?s=bSTavOvq2Q1MuQPTKoa3jsztrqOFe2r3lS0IxA9%2F36M%3D&sid=c4c9725f-1ab0-44d8-820f-430df2718e11&ts=1779980735"
1 < Server: cloudflare
1 < Strict-Transport-Security: max-age=31536000; includeSubDomains
1 < Via: 1.1 heroku-router
1 < X-Content-Type-Options: nosniff
1 < X-Dns-Prefetch-Control: off
1 < X-Download-Options: noopen
1 < X-Frame-Options: DENY
1 < X-Permitted-Cross-Domain-Policies: none
1 < X-Powered-By: ReqRes.in - Deploy backends in 30 seconds
1 < X-Reqres-Docs: https://reqres.in
1 < X-Reqres-Help: missing_api_key
1 < X-Reqres-Message: This API is powered by ReqRes. Deploy your own backend in 30 seconds!
1 < X-Reqres-Templates: https://app.reqres.in/templates
1 < X-Reqres-Tip: Add real user auth to your app with magic codes - reqres.in/docs
1 < X-Reqres-Upgrade: https://app.reqres.in/upgrade
1 < X-Request-Id: 1121341a-c635-de20-38c9-6fc720bd78e0
1 < X-Robots-Tag: noindex, nofollow
1 < X-Xss-Protection: 0
1 < cf-cache-status: DYNAMIC
1 < CF-RAY: a02e288c49dce336-BOG
{"error":"missing_api_key","message":"The x-api-key header is required for this endpoint.","hint":"Send x-api-key for admin calls (/api/*) or Authorization: Bearer <token> for app-user calls (/app/*).","next_steps":["Go to app.reqres.in/api-keys to get your key","Add header: x-api-key: <your_key>","For app user endpoints, use Authorization: Bearer <session_token> instead"],"docs_url":"https://app.reqres.in/docs#authentication","example_curl":"curl -H \"x-api-key: YOUR_API_KEY\" https://api.reqres.in/api/collections","_meta":{"powered_by":"ReqRes","docs_url":"https://app.reqres.in/documentation","upgrade_url":"https://app.reqres.in/upgrade","example_url":"https://app.reqres.in/examples/notes-app","variant":"v1_b","message":"Missing/invalid key. Grab a free key to keep responses consistent.","cta":{"label":"Get started","url":"https://app.reqres.in/api-keys"},"context":"invalid_key"}}

10:05:36.065 [main] ERROR com.intuit.karate - classpath:com/co/choucair/ApiTest/api-test-karate.feature:26
Then status 201
status code was: 401, expected: 201, response time in milliseconds: 536, url: https://reqres.in/api/posts, response: 
{"error":"missing_api_key","message":"The x-api-key header is required for this endpoint.","hint":"Send x-api-key for admin calls (/api/*) or Authorization: Bearer <token> for app-user calls (/app/*).","next_steps":["Go to app.reqres.in/api-keys to get your key","Add header: x-api-key: <your_key>","For app user endpoints, use Authorization: Bearer <session_token> instead"],"docs_url":"https://app.reqres.in/docs#authentication","example_curl":"curl -H \"x-api-key: YOUR_API_KEY\" https://api.reqres.in/api/collections","_meta":{"powered_by":"ReqRes","docs_url":"https://app.reqres.in/documentation","upgrade_url":"https://app.reqres.in/upgrade","example_url":"https://app.reqres.in/examples/notes-app","variant":"v1_b","message":"Missing/invalid key. Grab a free key to keep responses consistent.","cta":{"label":"Get started","url":"https://app.reqres.in/api-keys"},"context":"invalid_key"}}
classpath:com/co/choucair/ApiTest/api-test-karate.feature:26
]]></system-out>
  </testcase>
  <testcase name="[3:37] Actualizar un post (PUT)" classname="com/co/choucair/ApiTest/api-test-karate" time="0.495">
    <failure message="status code was: 401, expected: 200, response time in milliseconds: 474, url: https://reqres.in/api/posts/1, response: &#10;{&quot;error&quot;:&quot;missing_api_key&quot;,&quot;message&quot;:&quot;The x-api-key header is required for this endpoint.&quot;,&quot;hint&quot;:&quot;Send x-api-key for admin calls (/api/*) or Authorization: Bearer &lt;token&gt; for app-user calls (/app/*).&quot;,&quot;next_steps&quot;:[&quot;Go to app.reqres.in/api-keys to get your key&quot;,&quot;Add header: x-api-key: &lt;your_key&gt;&quot;,&quot;For app user endpoints, use Authorization: Bearer &lt;session_token&gt; instead&quot;],&quot;docs_url&quot;:&quot;https://app.reqres.in/docs#authentication&quot;,&quot;example_curl&quot;:&quot;curl -H \&quot;x-api-key: YOUR_API_KEY\&quot; https://api.reqres.in/api/collections&quot;,&quot;_meta&quot;:{&quot;powered_by&quot;:&quot;ReqRes&quot;,&quot;docs_url&quot;:&quot;https://app.reqres.in/documentation&quot;,&quot;upgrade_url&quot;:&quot;https://app.reqres.in/upgrade&quot;,&quot;example_url&quot;:&quot;https://app.reqres.in/examples/notes-app&quot;,&quot;variant&quot;:&quot;v1_b&quot;,&quot;message&quot;:&quot;Missing/invalid key. Grab a free key to keep responses consistent.&quot;,&quot;cta&quot;:{&quot;label&quot;:&quot;Get started&quot;,&quot;url&quot;:&quot;https://app.reqres.in/api-keys&quot;},&quot;context&quot;:&quot;invalid_key&quot;}}&#10;classpath:com/co/choucair/ApiTest/api-test-karate.feature:43" type="org.opentest4j.AssertionFailedError"><![CDATA[org.opentest4j.AssertionFailedError: 
status code was: 401, expected: 200, response time in milliseconds: 474, url: https://reqres.in/api/posts/1, response: 
{"error":"missing_api_key","message":"The x-api-key header is required for this endpoint.","hint":"Send x-api-key for admin calls (/api/*) or Authorization: Bearer <token> for app-user calls (/app/*).","next_steps":["Go to app.reqres.in/api-keys to get your key","Add header: x-api-key: <your_key>","For app user endpoints, use Authorization: Bearer <session_token> instead"],"docs_url":"https://app.reqres.in/docs#authentication","example_curl":"curl -H \"x-api-key: YOUR_API_KEY\" https://api.reqres.in/api/collections","_meta":{"powered_by":"ReqRes","docs_url":"https://app.reqres.in/documentation","upgrade_url":"https://app.reqres.in/upgrade","example_url":"https://app.reqres.in/examples/notes-app","variant":"v1_b","message":"Missing/invalid key. Grab a free key to keep responses consistent.","cta":{"label":"Get started","url":"https://app.reqres.in/api-keys"},"context":"invalid_key"}}
classpath:com/co/choucair/ApiTest/api-test-karate.feature:43
	at com.intuit.karate.junit5.FeatureNode.lambda$next$1(FeatureNode.java:86)
	at java.base/java.util.stream.ForEachOps$ForEachOp$OfRef.accept(ForEachOps.java:184)
	at java.base/java.util.stream.ReferencePipeline$3$1.accept(ReferencePipeline.java:197)
	at java.base/java.util.stream.ReferencePipeline$2$1.accept(ReferencePipeline.java:179)
	at java.base/java.util.stream.ReferencePipeline$3$1.accept(ReferencePipeline.java:197)
	at java.base/java.util.Iterator.forEachRemaining(Iterator.java:133)
	at java.base/java.util.Spliterators$IteratorSpliterator.forEachRemaining(Spliterators.java:1939)
	at java.base/java.util.stream.AbstractPipeline.copyInto(AbstractPipeline.java:509)
	at java.base/java.util.stream.AbstractPipeline.wrapAndCopyInto(AbstractPipeline.java:499)
	at java.base/java.util.stream.ForEachOps$ForEachOp.evaluateSequential(ForEachOps.java:151)
	at java.base/java.util.stream.ForEachOps$ForEachOp$OfRef.evaluateSequential(ForEachOps.java:174)
	at java.base/java.util.stream.AbstractPipeline.evaluate(AbstractPipeline.java:234)
	at java.base/java.util.stream.ReferencePipeline.forEachOrdered(ReferencePipeline.java:601)
	at java.base/java.util.Optional.ifPresent(Optional.java:178)
	at java.base/java.util.ArrayList.forEach(ArrayList.java:1596)
	at java.base/java.util.ArrayList.forEach(ArrayList.java:1596)
]]></failure>
    <system-out><![CDATA[10:05:36.075 [main] INFO  com.intuit.karate - karate.env system property was: null 
10:05:36.088 [main] DEBUG com.intuit.karate - request:
1 > PUT https://reqres.in/api/posts/1
1 > Content-Type: application/json; charset=UTF-8
1 > Content-Length: 65
1 > Host: reqres.in
1 > Connection: Keep-Alive
1 > User-Agent: Apache-HttpClient/4.5.14 (Java/21.0.11)
1 > Accept-Encoding: gzip,deflate
{"id":1,"title":"Updated Title","body":"Updated Body","userId":1}

10:05:36.562 [main] DEBUG com.intuit.karate - response time in milliseconds: 474
1 < 401
1 < Date: Thu, 28 May 2026 15:05:36 GMT
1 < Content-Type: application/json; charset=utf-8
1 < Content-Length: 895
1 < Connection: keep-alive
1 < Access-Control-Allow-Origin: *
1 < Cache-Control: no-store
1 < Cross-Origin-Opener-Policy: same-origin
1 < Cross-Origin-Resource-Policy: same-origin
1 < Etag: W/"37f-NsZXA5wLvj0UkmsYJbtRNgFYDoo"
1 < Nel: {"report_to":"heroku-nel","response_headers":["Via"],"max_age":3600,"success_fraction":0.01,"failure_fraction":0.1}
1 < Origin-Agent-Cluster: ?1
1 < Referrer-Policy: strict-origin-when-cross-origin
1 < Report-To: {"group":"heroku-nel","endpoints":[{"url":"https://nel.heroku.com/reports?s=YDSfnd3vsQJwts4qU4h0KUXKyAs8rSIHhAAzT%2FAp51Q%3D\u0026sid=c4c9725f-1ab0-44d8-820f-430df2718e11\u0026ts=1779980736"}],"max_age":3600}
1 < Reporting-Endpoints: heroku-nel="https://nel.heroku.com/reports?s=YDSfnd3vsQJwts4qU4h0KUXKyAs8rSIHhAAzT%2FAp51Q%3D&sid=c4c9725f-1ab0-44d8-820f-430df2718e11&ts=1779980736"
1 < Server: cloudflare
1 < Strict-Transport-Security: max-age=31536000; includeSubDomains
1 < Via: 1.1 heroku-router
1 < X-Content-Type-Options: nosniff
1 < X-Dns-Prefetch-Control: off
1 < X-Download-Options: noopen
1 < X-Frame-Options: DENY
1 < X-Permitted-Cross-Domain-Policies: none
1 < X-Powered-By: ReqRes.in - Deploy backends in 30 seconds
1 < X-Reqres-Docs: https://reqres.in
1 < X-Reqres-Help: missing_api_key
1 < X-Reqres-Message: This API is powered by ReqRes. Deploy your own backend in 30 seconds!
1 < X-Reqres-Templates: https://app.reqres.in/templates
1 < X-Reqres-Tip: Add real user auth to your app with magic codes - reqres.in/docs
1 < X-Reqres-Upgrade: https://app.reqres.in/upgrade
1 < X-Request-Id: 3da90795-9c73-0461-30d9-b83491486ffa
1 < X-Robots-Tag: noindex, nofollow
1 < X-Xss-Protection: 0
1 < cf-cache-status: DYNAMIC
1 < CF-RAY: a02e288f8f8fffac-BOG
{"error":"missing_api_key","message":"The x-api-key header is required for this endpoint.","hint":"Send x-api-key for admin calls (/api/*) or Authorization: Bearer <token> for app-user calls (/app/*).","next_steps":["Go to app.reqres.in/api-keys to get your key","Add header: x-api-key: <your_key>","For app user endpoints, use Authorization: Bearer <session_token> instead"],"docs_url":"https://app.reqres.in/docs#authentication","example_curl":"curl -H \"x-api-key: YOUR_API_KEY\" https://api.reqres.in/api/collections","_meta":{"powered_by":"ReqRes","docs_url":"https://app.reqres.in/documentation","upgrade_url":"https://app.reqres.in/upgrade","example_url":"https://app.reqres.in/examples/notes-app","variant":"v1_b","message":"Missing/invalid key. Grab a free key to keep responses consistent.","cta":{"label":"Get started","url":"https://app.reqres.in/api-keys"},"context":"invalid_key"}}

10:05:36.564 [main] ERROR com.intuit.karate - classpath:com/co/choucair/ApiTest/api-test-karate.feature:43
Then status 200
status code was: 401, expected: 200, response time in milliseconds: 474, url: https://reqres.in/api/posts/1, response: 
{"error":"missing_api_key","message":"The x-api-key header is required for this endpoint.","hint":"Send x-api-key for admin calls (/api/*) or Authorization: Bearer <token> for app-user calls (/app/*).","next_steps":["Go to app.reqres.in/api-keys to get your key","Add header: x-api-key: <your_key>","For app user endpoints, use Authorization: Bearer <session_token> instead"],"docs_url":"https://app.reqres.in/docs#authentication","example_curl":"curl -H \"x-api-key: YOUR_API_KEY\" https://api.reqres.in/api/collections","_meta":{"powered_by":"ReqRes","docs_url":"https://app.reqres.in/documentation","upgrade_url":"https://app.reqres.in/upgrade","example_url":"https://app.reqres.in/examples/notes-app","variant":"v1_b","message":"Missing/invalid key. Grab a free key to keep responses consistent.","cta":{"label":"Get started","url":"https://app.reqres.in/api-keys"},"context":"invalid_key"}}
classpath:com/co/choucair/ApiTest/api-test-karate.feature:43
]]></system-out>
  </testcase>
  <testcase name="[4:50] Actualizar parcialmente un post (PATCH)" classname="com/co/choucair/ApiTest/api-test-karate" time="0.335">
    <failure message="status code was: 401, expected: 200, response time in milliseconds: 324, url: https://reqres.in/api/posts/1, response: &#10;{&quot;error&quot;:&quot;missing_api_key&quot;,&quot;message&quot;:&quot;The x-api-key header is required for this endpoint.&quot;,&quot;hint&quot;:&quot;Send x-api-key for admin calls (/api/*) or Authorization: Bearer &lt;token&gt; for app-user calls (/app/*).&quot;,&quot;next_steps&quot;:[&quot;Go to app.reqres.in/api-keys to get your key&quot;,&quot;Add header: x-api-key: &lt;your_key&gt;&quot;,&quot;For app user endpoints, use Authorization: Bearer &lt;session_token&gt; instead&quot;],&quot;docs_url&quot;:&quot;https://app.reqres.in/docs#authentication&quot;,&quot;example_curl&quot;:&quot;curl -H \&quot;x-api-key: YOUR_API_KEY\&quot; https://api.reqres.in/api/collections&quot;,&quot;_meta&quot;:{&quot;powered_by&quot;:&quot;ReqRes&quot;,&quot;docs_url&quot;:&quot;https://app.reqres.in/documentation&quot;,&quot;upgrade_url&quot;:&quot;https://app.reqres.in/upgrade&quot;,&quot;example_url&quot;:&quot;https://app.reqres.in/examples/notes-app&quot;,&quot;variant&quot;:&quot;v1_b&quot;,&quot;message&quot;:&quot;Missing/invalid key. Grab a free key to keep responses consistent.&quot;,&quot;cta&quot;:{&quot;label&quot;:&quot;Get started&quot;,&quot;url&quot;:&quot;https://app.reqres.in/api-keys&quot;},&quot;context&quot;:&quot;invalid_key&quot;}}&#10;classpath:com/co/choucair/ApiTest/api-test-karate.feature:56" type="org.opentest4j.AssertionFailedError"><![CDATA[org.opentest4j.AssertionFailedError: 
status code was: 401, expected: 200, response time in milliseconds: 324, url: https://reqres.in/api/posts/1, response: 
{"error":"missing_api_key","message":"The x-api-key header is required for this endpoint.","hint":"Send x-api-key for admin calls (/api/*) or Authorization: Bearer <token> for app-user calls (/app/*).","next_steps":["Go to app.reqres.in/api-keys to get your key","Add header: x-api-key: <your_key>","For app user endpoints, use Authorization: Bearer <session_token> instead"],"docs_url":"https://app.reqres.in/docs#authentication","example_curl":"curl -H \"x-api-key: YOUR_API_KEY\" https://api.reqres.in/api/collections","_meta":{"powered_by":"ReqRes","docs_url":"https://app.reqres.in/documentation","upgrade_url":"https://app.reqres.in/upgrade","example_url":"https://app.reqres.in/examples/notes-app","variant":"v1_b","message":"Missing/invalid key. Grab a free key to keep responses consistent.","cta":{"label":"Get started","url":"https://app.reqres.in/api-keys"},"context":"invalid_key"}}
classpath:com/co/choucair/ApiTest/api-test-karate.feature:56
	at com.intuit.karate.junit5.FeatureNode.lambda$next$1(FeatureNode.java:86)
	at java.base/java.util.stream.ForEachOps$ForEachOp$OfRef.accept(ForEachOps.java:184)
	at java.base/java.util.stream.ReferencePipeline$3$1.accept(ReferencePipeline.java:197)
	at java.base/java.util.stream.ReferencePipeline$2$1.accept(ReferencePipeline.java:179)
	at java.base/java.util.stream.ReferencePipeline$3$1.accept(ReferencePipeline.java:197)
	at java.base/java.util.Iterator.forEachRemaining(Iterator.java:133)
	at java.base/java.util.Spliterators$IteratorSpliterator.forEachRemaining(Spliterators.java:1939)
	at java.base/java.util.stream.AbstractPipeline.copyInto(AbstractPipeline.java:509)
	at java.base/java.util.stream.AbstractPipeline.wrapAndCopyInto(AbstractPipeline.java:499)
	at java.base/java.util.stream.ForEachOps$ForEachOp.evaluateSequential(ForEachOps.java:151)
	at java.base/java.util.stream.ForEachOps$ForEachOp$OfRef.evaluateSequential(ForEachOps.java:174)
	at java.base/java.util.stream.AbstractPipeline.evaluate(AbstractPipeline.java:234)
	at java.base/java.util.stream.ReferencePipeline.forEachOrdered(ReferencePipeline.java:601)
	at java.base/java.util.Optional.ifPresent(Optional.java:178)
	at java.base/java.util.ArrayList.forEach(ArrayList.java:1596)
	at java.base/java.util.ArrayList.forEach(ArrayList.java:1596)
]]></failure>
    <system-out><![CDATA[10:05:36.570 [main] INFO  com.intuit.karate - karate.env system property was: null 
10:05:36.573 [main] DEBUG com.intuit.karate - request:
1 > PATCH https://reqres.in/api/posts/1
1 > Content-Type: application/json; charset=UTF-8
1 > Content-Length: 25
1 > Host: reqres.in
1 > Connection: Keep-Alive
1 > User-Agent: Apache-HttpClient/4.5.14 (Java/21.0.11)
1 > Accept-Encoding: gzip,deflate
{"title":"Patched Title"}

10:05:36.898 [main] DEBUG com.intuit.karate - response time in milliseconds: 324
1 < 401
1 < Date: Thu, 28 May 2026 15:05:36 GMT
1 < Content-Type: application/json; charset=utf-8
1 < Content-Length: 895
1 < Connection: keep-alive
1 < Access-Control-Allow-Origin: *
1 < Cache-Control: no-store
1 < Cross-Origin-Opener-Policy: same-origin
1 < Cross-Origin-Resource-Policy: same-origin
1 < Etag: W/"37f-NsZXA5wLvj0UkmsYJbtRNgFYDoo"
1 < Nel: {"report_to":"heroku-nel","response_headers":["Via"],"max_age":3600,"success_fraction":0.01,"failure_fraction":0.1}
1 < Origin-Agent-Cluster: ?1
1 < Referrer-Policy: strict-origin-when-cross-origin
1 < Report-To: {"group":"heroku-nel","endpoints":[{"url":"https://nel.heroku.com/reports?s=YDSfnd3vsQJwts4qU4h0KUXKyAs8rSIHhAAzT%2FAp51Q%3D\u0026sid=c4c9725f-1ab0-44d8-820f-430df2718e11\u0026ts=1779980736"}],"max_age":3600}
1 < Reporting-Endpoints: heroku-nel="https://nel.heroku.com/reports?s=YDSfnd3vsQJwts4qU4h0KUXKyAs8rSIHhAAzT%2FAp51Q%3D&sid=c4c9725f-1ab0-44d8-820f-430df2718e11&ts=1779980736"
1 < Server: cloudflare
1 < Strict-Transport-Security: max-age=31536000; includeSubDomains
1 < Via: 1.1 heroku-router
1 < X-Content-Type-Options: nosniff
1 < X-Dns-Prefetch-Control: off
1 < X-Download-Options: noopen
1 < X-Frame-Options: DENY
1 < X-Permitted-Cross-Domain-Policies: none
1 < X-Powered-By: ReqRes.in - Deploy backends in 30 seconds
1 < X-Reqres-Docs: https://reqres.in
1 < X-Reqres-Help: missing_api_key
1 < X-Reqres-Message: This API is powered by ReqRes. Deploy your own backend in 30 seconds!
1 < X-Reqres-Templates: https://app.reqres.in/templates
1 < X-Reqres-Tip: Generate a complete backend from a description - app.reqres.in/dashboard
1 < X-Reqres-Upgrade: https://app.reqres.in/upgrade
1 < X-Request-Id: 79ccbc1b-e283-7800-d39f-d2fe7d7be75e
1 < X-Robots-Tag: noindex, nofollow
1 < X-Xss-Protection: 0
1 < cf-cache-status: DYNAMIC
1 < CF-RAY: a02e28929933492b-BOG
{"error":"missing_api_key","message":"The x-api-key header is required for this endpoint.","hint":"Send x-api-key for admin calls (/api/*) or Authorization: Bearer <token> for app-user calls (/app/*).","next_steps":["Go to app.reqres.in/api-keys to get your key","Add header: x-api-key: <your_key>","For app user endpoints, use Authorization: Bearer <session_token> instead"],"docs_url":"https://app.reqres.in/docs#authentication","example_curl":"curl -H \"x-api-key: YOUR_API_KEY\" https://api.reqres.in/api/collections","_meta":{"powered_by":"ReqRes","docs_url":"https://app.reqres.in/documentation","upgrade_url":"https://app.reqres.in/upgrade","example_url":"https://app.reqres.in/examples/notes-app","variant":"v1_b","message":"Missing/invalid key. Grab a free key to keep responses consistent.","cta":{"label":"Get started","url":"https://app.reqres.in/api-keys"},"context":"invalid_key"}}

10:05:36.900 [main] ERROR com.intuit.karate - classpath:com/co/choucair/ApiTest/api-test-karate.feature:56
Then status 200
status code was: 401, expected: 200, response time in milliseconds: 324, url: https://reqres.in/api/posts/1, response: 
{"error":"missing_api_key","message":"The x-api-key header is required for this endpoint.","hint":"Send x-api-key for admin calls (/api/*) or Authorization: Bearer <token> for app-user calls (/app/*).","next_steps":["Go to app.reqres.in/api-keys to get your key","Add header: x-api-key: <your_key>","For app user endpoints, use Authorization: Bearer <session_token> instead"],"docs_url":"https://app.reqres.in/docs#authentication","example_curl":"curl -H \"x-api-key: YOUR_API_KEY\" https://api.reqres.in/api/collections","_meta":{"powered_by":"ReqRes","docs_url":"https://app.reqres.in/documentation","upgrade_url":"https://app.reqres.in/upgrade","example_url":"https://app.reqres.in/examples/notes-app","variant":"v1_b","message":"Missing/invalid key. Grab a free key to keep responses consistent.","cta":{"label":"Get started","url":"https://app.reqres.in/api-keys"},"context":"invalid_key"}}
classpath:com/co/choucair/ApiTest/api-test-karate.feature:56
]]></system-out>
  </testcase>
  <testcase name="[5:62] Eliminar un post (DELETE)" classname="com/co/choucair/ApiTest/api-test-karate" time="1.104">
    <failure message="status code was: 401, expected: 200, response time in milliseconds: 326, url: https://reqres.in/api/posts/1, response: &#10;{&quot;error&quot;:&quot;missing_api_key&quot;,&quot;message&quot;:&quot;The x-api-key header is required for this endpoint.&quot;,&quot;hint&quot;:&quot;Send x-api-key for admin calls (/api/*) or Authorization: Bearer &lt;token&gt; for app-user calls (/app/*).&quot;,&quot;next_steps&quot;:[&quot;Go to app.reqres.in/api-keys to get your key&quot;,&quot;Add header: x-api-key: &lt;your_key&gt;&quot;,&quot;For app user endpoints, use Authorization: Bearer &lt;session_token&gt; instead&quot;],&quot;docs_url&quot;:&quot;https://app.reqres.in/docs#authentication&quot;,&quot;example_curl&quot;:&quot;curl -H \&quot;x-api-key: YOUR_API_KEY\&quot; https://api.reqres.in/api/collections&quot;,&quot;_meta&quot;:{&quot;powered_by&quot;:&quot;ReqRes&quot;,&quot;docs_url&quot;:&quot;https://app.reqres.in/documentation&quot;,&quot;upgrade_url&quot;:&quot;https://app.reqres.in/upgrade&quot;,&quot;example_url&quot;:&quot;https://app.reqres.in/examples/notes-app&quot;,&quot;variant&quot;:&quot;v1_b&quot;,&quot;message&quot;:&quot;Missing/invalid key. Grab a free key to keep responses consistent.&quot;,&quot;cta&quot;:{&quot;label&quot;:&quot;Get started&quot;,&quot;url&quot;:&quot;https://app.reqres.in/api-keys&quot;},&quot;context&quot;:&quot;invalid_key&quot;}}&#10;classpath:com/co/choucair/ApiTest/api-test-karate.feature:65" type="org.opentest4j.AssertionFailedError"><![CDATA[org.opentest4j.AssertionFailedError: 
status code was: 401, expected: 200, response time in milliseconds: 326, url: https://reqres.in/api/posts/1, response: 
{"error":"missing_api_key","message":"The x-api-key header is required for this endpoint.","hint":"Send x-api-key for admin calls (/api/*) or Authorization: Bearer <token> for app-user calls (/app/*).","next_steps":["Go to app.reqres.in/api-keys to get your key","Add header: x-api-key: <your_key>","For app user endpoints, use Authorization: Bearer <session_token> instead"],"docs_url":"https://app.reqres.in/docs#authentication","example_curl":"curl -H \"x-api-key: YOUR_API_KEY\" https://api.reqres.in/api/collections","_meta":{"powered_by":"ReqRes","docs_url":"https://app.reqres.in/documentation","upgrade_url":"https://app.reqres.in/upgrade","example_url":"https://app.reqres.in/examples/notes-app","variant":"v1_b","message":"Missing/invalid key. Grab a free key to keep responses consistent.","cta":{"label":"Get started","url":"https://app.reqres.in/api-keys"},"context":"invalid_key"}}
classpath:com/co/choucair/ApiTest/api-test-karate.feature:65
	at com.intuit.karate.junit5.FeatureNode.lambda$next$1(FeatureNode.java:86)
	at java.base/java.util.stream.ForEachOps$ForEachOp$OfRef.accept(ForEachOps.java:184)
	at java.base/java.util.stream.ReferencePipeline$3$1.accept(ReferencePipeline.java:197)
	at java.base/java.util.stream.ReferencePipeline$2$1.accept(ReferencePipeline.java:179)
	at java.base/java.util.stream.ReferencePipeline$3$1.accept(ReferencePipeline.java:197)
	at java.base/java.util.Iterator.forEachRemaining(Iterator.java:133)
	at java.base/java.util.Spliterators$IteratorSpliterator.forEachRemaining(Spliterators.java:1939)
	at java.base/java.util.stream.AbstractPipeline.copyInto(AbstractPipeline.java:509)
	at java.base/java.util.stream.AbstractPipeline.wrapAndCopyInto(AbstractPipeline.java:499)
	at java.base/java.util.stream.ForEachOps$ForEachOp.evaluateSequential(ForEachOps.java:151)
	at java.base/java.util.stream.ForEachOps$ForEachOp$OfRef.evaluateSequential(ForEachOps.java:174)
	at java.base/java.util.stream.AbstractPipeline.evaluate(AbstractPipeline.java:234)
	at java.base/java.util.stream.ReferencePipeline.forEachOrdered(ReferencePipeline.java:601)
	at java.base/java.util.Optional.ifPresent(Optional.java:178)
	at java.base/java.util.ArrayList.forEach(ArrayList.java:1596)
	at java.base/java.util.ArrayList.forEach(ArrayList.java:1596)
]]></failure>
    <system-out><![CDATA[10:05:36.907 [main] INFO  com.intuit.karate - karate.env system property was: null 
10:05:36.909 [main] DEBUG com.intuit.karate - request:
1 > DELETE https://reqres.in/api/posts/1
1 > Host: reqres.in
1 > Connection: Keep-Alive
1 > User-Agent: Apache-HttpClient/4.5.14 (Java/21.0.11)
1 > Accept-Encoding: gzip,deflate


10:05:37.236 [main] DEBUG com.intuit.karate - response time in milliseconds: 326
1 < 401
1 < Date: Thu, 28 May 2026 15:05:36 GMT
1 < Content-Type: application/json; charset=utf-8
1 < Content-Length: 895
1 < Connection: keep-alive
1 < Access-Control-Allow-Origin: *
1 < Cache-Control: no-store
1 < Cross-Origin-Opener-Policy: same-origin
1 < Cross-Origin-Resource-Policy: same-origin
1 < Etag: W/"37f-NsZXA5wLvj0UkmsYJbtRNgFYDoo"
1 < Nel: {"report_to":"heroku-nel","response_headers":["Via"],"max_age":3600,"success_fraction":0.01,"failure_fraction":0.1}
1 < Origin-Agent-Cluster: ?1
1 < Referrer-Policy: strict-origin-when-cross-origin
1 < Report-To: {"group":"heroku-nel","endpoints":[{"url":"https://nel.heroku.com/reports?s=YDSfnd3vsQJwts4qU4h0KUXKyAs8rSIHhAAzT%2FAp51Q%3D\u0026sid=c4c9725f-1ab0-44d8-820f-430df2718e11\u0026ts=1779980736"}],"max_age":3600}
1 < Reporting-Endpoints: heroku-nel="https://nel.heroku.com/reports?s=YDSfnd3vsQJwts4qU4h0KUXKyAs8rSIHhAAzT%2FAp51Q%3D&sid=c4c9725f-1ab0-44d8-820f-430df2718e11&ts=1779980736"
1 < Server: cloudflare
1 < Strict-Transport-Security: max-age=31536000; includeSubDomains
1 < Via: 1.1 heroku-router
1 < X-Content-Type-Options: nosniff
1 < X-Dns-Prefetch-Control: off
1 < X-Download-Options: noopen
1 < X-Frame-Options: DENY
1 < X-Permitted-Cross-Domain-Policies: none
1 < X-Powered-By: ReqRes.in - Deploy backends in 30 seconds
1 < X-Reqres-Docs: https://reqres.in
1 < X-Reqres-Help: missing_api_key
1 < X-Reqres-Message: This API is powered by ReqRes. Deploy your own backend in 30 seconds!
1 < X-Reqres-Templates: https://app.reqres.in/templates
1 < X-Reqres-Tip: Need more than /api/users? Build custom collections - app.reqres.in/dashboard
1 < X-Reqres-Upgrade: https://app.reqres.in/upgrade
1 < X-Request-Id: 6fa65381-d74c-f323-b2e2-9790fe649f70
1 < X-Robots-Tag: noindex, nofollow
1 < X-Xss-Protection: 0
1 < cf-cache-status: DYNAMIC
1 < CF-RAY: a02e2894aec8da19-BOG
{"error":"missing_api_key","message":"The x-api-key header is required for this endpoint.","hint":"Send x-api-key for admin calls (/api/*) or Authorization: Bearer <token> for app-user calls (/app/*).","next_steps":["Go to app.reqres.in/api-keys to get your key","Add header: x-api-key: <your_key>","For app user endpoints, use Authorization: Bearer <session_token> instead"],"docs_url":"https://app.reqres.in/docs#authentication","example_curl":"curl -H \"x-api-key: YOUR_API_KEY\" https://api.reqres.in/api/collections","_meta":{"powered_by":"ReqRes","docs_url":"https://app.reqres.in/documentation","upgrade_url":"https://app.reqres.in/upgrade","example_url":"https://app.reqres.in/examples/notes-app","variant":"v1_b","message":"Missing/invalid key. Grab a free key to keep responses consistent.","cta":{"label":"Get started","url":"https://app.reqres.in/api-keys"},"context":"invalid_key"}}

10:05:37.237 [main] ERROR com.intuit.karate - classpath:com/co/choucair/ApiTest/api-test-karate.feature:65
Then status 200
status code was: 401, expected: 200, response time in milliseconds: 326, url: https://reqres.in/api/posts/1, response: 
{"error":"missing_api_key","message":"The x-api-key header is required for this endpoint.","hint":"Send x-api-key for admin calls (/api/*) or Authorization: Bearer <token> for app-user calls (/app/*).","next_steps":["Go to app.reqres.in/api-keys to get your key","Add header: x-api-key: <your_key>","For app user endpoints, use Authorization: Bearer <session_token> instead"],"docs_url":"https://app.reqres.in/docs#authentication","example_curl":"curl -H \"x-api-key: YOUR_API_KEY\" https://api.reqres.in/api/collections","_meta":{"powered_by":"ReqRes","docs_url":"https://app.reqres.in/documentation","upgrade_url":"https://app.reqres.in/upgrade","example_url":"https://app.reqres.in/examples/notes-app","variant":"v1_b","message":"Missing/invalid key. Grab a free key to keep responses consistent.","cta":{"label":"Get started","url":"https://app.reqres.in/api-keys"},"context":"invalid_key"}}
classpath:com/co/choucair/ApiTest/api-test-karate.feature:65
---------------------------------------------------------
feature: classpath:com/co/choucair/ApiTest/api-test-karate.feature
scenarios:  5 | passed:  0 | failed:  5 | time: 2,8838
---------------------------------------------------------

Karate version: 1.5.0
======================================================
elapsed:   4,72 | threads:    1 | thread time: 2,88 
features:     1 | skipped:    0 | efficiency: 0,61
scenarios:    5 | passed:     0 | failed: 5
======================================================
>>> failed features:
status code was: 401, expected: 200, response time in milliseconds: 865, url: https://reqres.in/api/posts, response: 
{"error":"missing_api_key","message":"The x-api-key header is required for this endpoint.","hint":"Send x-api-key for admin calls (/api/*) or Authorization: Bearer <token> for app-user calls (/app/*).","next_steps":["Go to app.reqres.in/api-keys to get your key","Add header: x-api-key: <your_key>","For app user endpoints, use Authorization: Bearer <session_token> instead"],"docs_url":"https://app.reqres.in/docs#authentication","example_curl":"curl -H \"x-api-key: YOUR_API_KEY\" https://api.reqres.in/api/collections","_meta":{"powered_by":"ReqRes","docs_url":"https://app.reqres.in/documentation","upgrade_url":"https://app.reqres.in/upgrade","example_url":"https://app.reqres.in/examples/notes-app","variant":"v1_b","message":"Missing/invalid key. Grab a free key to keep responses consistent.","cta":{"label":"Get started","url":"https://app.reqres.in/api-keys"},"context":"invalid_key"}}
classpath:com/co/choucair/ApiTest/api-test-karate.feature:12
status code was: 401, expected: 201, response time in milliseconds: 536, url: https://reqres.in/api/posts, response: 
{"error":"missing_api_key","message":"The x-api-key header is required for this endpoint.","hint":"Send x-api-key for admin calls (/api/*) or Authorization: Bearer <token> for app-user calls (/app/*).","next_steps":["Go to app.reqres.in/api-keys to get your key","Add header: x-api-key: <your_key>","For app user endpoints, use Authorization: Bearer <session_token> instead"],"docs_url":"https://app.reqres.in/docs#authentication","example_curl":"curl -H \"x-api-key: YOUR_API_KEY\" https://api.reqres.in/api/collections","_meta":{"powered_by":"ReqRes","docs_url":"https://app.reqres.in/documentation","upgrade_url":"https://app.reqres.in/upgrade","example_url":"https://app.reqres.in/examples/notes-app","variant":"v1_b","message":"Missing/invalid key. Grab a free key to keep responses consistent.","cta":{"label":"Get started","url":"https://app.reqres.in/api-keys"},"context":"invalid_key"}}
classpath:com/co/choucair/ApiTest/api-test-karate.feature:26
status code was: 401, expected: 200, response time in milliseconds: 474, url: https://reqres.in/api/posts/1, response: 
{"error":"missing_api_key","message":"The x-api-key header is required for this endpoint.","hint":"Send x-api-key for admin calls (/api/*) or Authorization: Bearer <token> for app-user calls (/app/*).","next_steps":["Go to app.reqres.in/api-keys to get your key","Add header: x-api-key: <your_key>","For app user endpoints, use Authorization: Bearer <session_token> instead"],"docs_url":"https://app.reqres.in/docs#authentication","example_curl":"curl -H \"x-api-key: YOUR_API_KEY\" https://api.reqres.in/api/collections","_meta":{"powered_by":"ReqRes","docs_url":"https://app.reqres.in/documentation","upgrade_url":"https://app.reqres.in/upgrade","example_url":"https://app.reqres.in/examples/notes-app","variant":"v1_b","message":"Missing/invalid key. Grab a free key to keep responses consistent.","cta":{"label":"Get started","url":"https://app.reqres.in/api-keys"},"context":"invalid_key"}}
classpath:com/co/choucair/ApiTest/api-test-karate.feature:43
status code was: 401, expected: 200, response time in milliseconds: 324, url: https://reqres.in/api/posts/1, response: 
{"error":"missing_api_key","message":"The x-api-key header is required for this endpoint.","hint":"Send x-api-key for admin calls (/api/*) or Authorization: Bearer <token> for app-user calls (/app/*).","next_steps":["Go to app.reqres.in/api-keys to get your key","Add header: x-api-key: <your_key>","For app user endpoints, use Authorization: Bearer <session_token> instead"],"docs_url":"https://app.reqres.in/docs#authentication","example_curl":"curl -H \"x-api-key: YOUR_API_KEY\" https://api.reqres.in/api/collections","_meta":{"powered_by":"ReqRes","docs_url":"https://app.reqres.in/documentation","upgrade_url":"https://app.reqres.in/upgrade","example_url":"https://app.reqres.in/examples/notes-app","variant":"v1_b","message":"Missing/invalid key. Grab a free key to keep responses consistent.","cta":{"label":"Get started","url":"https://app.reqres.in/api-keys"},"context":"invalid_key"}}
classpath:com/co/choucair/ApiTest/api-test-karate.feature:56
status code was: 401, expected: 200, response time in milliseconds: 326, url: https://reqres.in/api/posts/1, response: 
{"error":"missing_api_key","message":"The x-api-key header is required for this endpoint.","hint":"Send x-api-key for admin calls (/api/*) or Authorization: Bearer <token> for app-user calls (/app/*).","next_steps":["Go to app.reqres.in/api-keys to get your key","Add header: x-api-key: <your_key>","For app user endpoints, use Authorization: Bearer <session_token> instead"],"docs_url":"https://app.reqres.in/docs#authentication","example_curl":"curl -H \"x-api-key: YOUR_API_KEY\" https://api.reqres.in/api/collections","_meta":{"powered_by":"ReqRes","docs_url":"https://app.reqres.in/documentation","upgrade_url":"https://app.reqres.in/upgrade","example_url":"https://app.reqres.in/examples/notes-app","variant":"v1_b","message":"Missing/invalid key. Grab a free key to keep responses consistent.","cta":{"label":"Get started","url":"https://app.reqres.in/api-keys"},"context":"invalid_key"}}
classpath:com/co/choucair/ApiTest/api-test-karate.feature:65
<<<

HTML report: (paste into browser to view) | Karate version: 1.5.0
file:///C:/Users/emartineza/Downloads/KarateApiTests/target/karate-reports/karate-summary.html
===================================================================

]]></system-out>
  </testcase>
</testsuite>